2025-07-21 11:02:21,212 - tai_park_training - INFO -  Starting Taï Park Species Classification Training
2025-07-21 11:02:21,212 - tai_park_training - INFO -  Output directory: results\models\debug_resnet50\models
2025-07-21 11:02:21,212 - tai_park_training - INFO -  Configuration: configs/base_config.yaml
2025-07-21 11:02:21,212 - tai_park_training - INFO -  Creating data loaders...
2025-07-21 11:02:24,506 - tai_park_training - INFO -  Creating model...
2025-07-21 11:02:24,863 - tai_park_training - INFO -  MODEL INFORMATION
2025-07-21 11:02:24,863 - tai_park_training - INFO - ==================================================
2025-07-21 11:02:24,863 - tai_park_training - INFO -  Model: resnet50
2025-07-21 11:02:24,864 - tai_park_training - INFO -  Parameters:
2025-07-21 11:02:24,865 - tai_park_training - INFO -    Total: 25,873,224
2025-07-21 11:02:24,865 - tai_park_training - INFO -    Trainable: 25,873,224
2025-07-21 11:02:24,865 - tai_park_training - INFO -    Frozen: 0
2025-07-21 11:02:24,866 - tai_park_training - INFO -  Estimated model size: 98.91 MB
2025-07-21 11:02:24,866 - tai_park_training - INFO -   Architecture:
2025-07-21 11:02:24,866 - tai_park_training - INFO -    backbone: ResNet
2025-07-21 11:02:24,866 - tai_park_training - INFO -    classifier: Sequential
2025-07-21 11:02:24,866 - tai_park_training - INFO -  use_site_embedding: False
2025-07-21 11:02:24,866 - tai_park_training - INFO -  use_attention: False
2025-07-21 11:02:24,866 - tai_park_training - INFO -  num_classes: 8
2025-07-21 11:02:24,866 - tai_park_training - INFO -  feature_dim: 2048
2025-07-21 11:02:24,866 - tai_park_training - INFO -   TRAINING CONFIGURATION
2025-07-21 11:02:24,867 - tai_park_training - INFO - ==================================================
2025-07-21 11:02:24,867 - tai_park_training - INFO -  Training:
2025-07-21 11:02:24,867 - tai_park_training - INFO -    Epochs: 1
2025-07-21 11:02:24,867 - tai_park_training - INFO -    Batch size: 8
2025-07-21 11:02:24,867 - tai_park_training - INFO -    Learning rate: 0.001
2025-07-21 11:02:24,867 - tai_park_training - INFO -    Weight decay: 0.0001
2025-07-21 11:02:24,867 - tai_park_training - INFO -    Early stopping patience: 10
2025-07-21 11:02:24,867 - tai_park_training - INFO -  Data:
2025-07-21 11:02:24,867 - tai_park_training - INFO -    Data directory: data/raw
2025-07-21 11:02:24,867 - tai_park_training - INFO -    Image size: [224, 224]
2025-07-21 11:02:24,867 - tai_park_training - INFO -    Number of workers: N/A
2025-07-21 11:02:24,867 - tai_park_training - INFO -    Sampler type: N/A
2025-07-21 11:02:24,867 - tai_park_training - INFO -    Aggressive augmentation: False
2025-07-21 11:02:24,867 - tai_park_training - INFO -  Model:
2025-07-21 11:02:24,867 - tai_park_training - INFO -    Architecture: resnet50
2025-07-21 11:02:24,867 - tai_park_training - INFO -    Pretrained: False
2025-07-21 11:02:24,867 - tai_park_training - INFO -    Dropout: 0.5
2025-07-21 11:02:24,868 - tai_park_training - INFO -    Freeze backbone: False
2025-07-21 11:02:24,868 - tai_park_training - INFO -  Hardware:
2025-07-21 11:02:24,868 - tai_park_training - INFO -    Device: auto
2025-07-21 11:02:24,868 - tai_park_training - INFO -    Mixed precision: False
2025-07-21 11:02:24,868 - tai_park_training - INFO -    Compile: False
2025-07-21 11:02:24,868 - tai_park_training - INFO -  Logging:
2025-07-21 11:02:24,868 - tai_park_training - INFO -    W&B enabled: False
2025-07-21 11:02:24,868 - tai_park_training - INFO -    Experiment name: debug_resnet50
2025-07-21 11:02:24,868 - tai_park_training - INFO -    Log level: INFO
2025-07-21 11:02:24,872 - tai_park_training - INFO -  Trainer initialized with mixed precision: False
2025-07-21 11:02:24,873 - tai_park_training - INFO -  Quick test mode - training for 2 epochs
2025-07-21 11:02:24,873 - tai_park_training - INFO -  Starting training...
2025-07-21 11:02:24,873 - tai_park_training - INFO -  Starting training for 2 epochs
2025-07-21 11:02:24,873 - tai_park_training - INFO -  Training samples: 13484
2025-07-21 11:02:24,873 - tai_park_training - INFO -  Validation samples: 3004
2025-07-21 11:06:36,635 - tai_park_training - INFO -  Starting Taï Park Species Classification Training
2025-07-21 11:06:36,635 - tai_park_training - INFO -  Output directory: results\models\debug_resnet50\models
2025-07-21 11:06:36,635 - tai_park_training - INFO -  Configuration: configs/base_config.yaml
2025-07-21 11:06:36,635 - tai_park_training - INFO -  Creating data loaders...
2025-07-21 11:06:39,864 - tai_park_training - INFO -  Creating model...
2025-07-21 11:06:40,228 - tai_park_training - INFO -  MODEL INFORMATION
2025-07-21 11:06:40,228 - tai_park_training - INFO - ==================================================
2025-07-21 11:06:40,228 - tai_park_training - INFO -  Model: resnet50
2025-07-21 11:06:40,229 - tai_park_training - INFO -  Parameters:
2025-07-21 11:06:40,229 - tai_park_training - INFO -    Total: 25,873,224
2025-07-21 11:06:40,229 - tai_park_training - INFO -    Trainable: 25,873,224
2025-07-21 11:06:40,229 - tai_park_training - INFO -    Frozen: 0
2025-07-21 11:06:40,230 - tai_park_training - INFO -  Estimated model size: 98.91 MB
2025-07-21 11:06:40,230 - tai_park_training - INFO -   Architecture:
2025-07-21 11:06:40,230 - tai_park_training - INFO -    backbone: ResNet
2025-07-21 11:06:40,230 - tai_park_training - INFO -    classifier: Sequential
2025-07-21 11:06:40,230 - tai_park_training - INFO -  use_site_embedding: False
2025-07-21 11:06:40,230 - tai_park_training - INFO -  use_attention: False
2025-07-21 11:06:40,230 - tai_park_training - INFO -  num_classes: 8
2025-07-21 11:06:40,230 - tai_park_training - INFO -  feature_dim: 2048
2025-07-21 11:06:40,231 - tai_park_training - INFO -   TRAINING CONFIGURATION
2025-07-21 11:06:40,231 - tai_park_training - INFO - ==================================================
2025-07-21 11:06:40,231 - tai_park_training - INFO -  Training:
2025-07-21 11:06:40,231 - tai_park_training - INFO -    Epochs: 1
2025-07-21 11:06:40,231 - tai_park_training - INFO -    Batch size: 8
2025-07-21 11:06:40,231 - tai_park_training - INFO -    Learning rate: 0.001
2025-07-21 11:06:40,231 - tai_park_training - INFO -    Weight decay: 0.0001
2025-07-21 11:06:40,231 - tai_park_training - INFO -    Early stopping patience: 10
2025-07-21 11:06:40,232 - tai_park_training - INFO -  Data:
2025-07-21 11:06:40,232 - tai_park_training - INFO -    Data directory: data/raw
2025-07-21 11:06:40,232 - tai_park_training - INFO -    Image size: [224, 224]
2025-07-21 11:06:40,232 - tai_park_training - INFO -    Number of workers: N/A
2025-07-21 11:06:40,232 - tai_park_training - INFO -    Sampler type: N/A
2025-07-21 11:06:40,232 - tai_park_training - INFO -    Aggressive augmentation: False
2025-07-21 11:06:40,232 - tai_park_training - INFO -  Model:
2025-07-21 11:06:40,232 - tai_park_training - INFO -    Architecture: resnet50
2025-07-21 11:06:40,233 - tai_park_training - INFO -    Pretrained: False
2025-07-21 11:06:40,233 - tai_park_training - INFO -    Dropout: 0.5
2025-07-21 11:06:40,233 - tai_park_training - INFO -    Freeze backbone: False
2025-07-21 11:06:40,233 - tai_park_training - INFO -  Hardware:
2025-07-21 11:06:40,233 - tai_park_training - INFO -    Device: auto
2025-07-21 11:06:40,233 - tai_park_training - INFO -    Mixed precision: False
2025-07-21 11:06:40,233 - tai_park_training - INFO -    Compile: False
2025-07-21 11:06:40,234 - tai_park_training - INFO -  Logging:
2025-07-21 11:06:40,234 - tai_park_training - INFO -    W&B enabled: False
2025-07-21 11:06:40,234 - tai_park_training - INFO -    Experiment name: debug_resnet50
2025-07-21 11:06:40,234 - tai_park_training - INFO -    Log level: INFO
2025-07-21 11:06:40,238 - tai_park_training - INFO -  Trainer initialized with mixed precision: False
2025-07-21 11:06:40,239 - tai_park_training - INFO -  Quick test mode - training for 2 epochs
2025-07-21 11:06:40,239 - tai_park_training - INFO -  Starting training...
2025-07-21 11:06:40,239 - tai_park_training - INFO -  Starting training for 2 epochs
2025-07-21 11:06:40,240 - tai_park_training - INFO -  Training samples: 13484
2025-07-21 11:06:40,240 - tai_park_training - INFO -  Validation samples: 3004
2025-07-21 11:08:57,894 - tai_park_training - INFO -  Epoch 1 completed in 137.65s
2025-07-21 11:08:57,894 - tai_park_training - INFO -    Train - Loss: 2.0390, Acc: 0.2106
2025-07-21 11:08:57,895 - tai_park_training - INFO -    Val   - Loss: 2.0347, Acc: 0.1455, LogLoss: 2.0347
2025-07-21 11:08:58,092 - tai_park_training - INFO -  Checkpoint saved to: results\models\debug_resnet50\models\best_model.pth
2025-07-21 11:08:58,093 - tai_park_training - INFO -  New best model saved! Val Loss: 2.0347
2025-07-21 11:11:16,590 - tai_park_training - INFO -  Epoch 2 completed in 138.50s
2025-07-21 11:11:16,590 - tai_park_training - INFO -    Train - Loss: 1.9883, Acc: 0.2330
2025-07-21 11:11:16,590 - tai_park_training - INFO -    Val   - Loss: 2.0201, Acc: 0.1758, LogLoss: 2.0201
2025-07-21 11:11:16,785 - tai_park_training - INFO -  Checkpoint saved to: results\models\debug_resnet50\models\best_model.pth
2025-07-21 11:11:16,785 - tai_park_training - INFO -  New best model saved! Val Loss: 2.0201
2025-07-21 11:11:16,786 - tai_park_training - INFO -  Training completed in 276.55 seconds
2025-07-21 11:11:16,786 - tai_park_training - INFO -  Best validation loss: 2.0201
2025-07-21 11:11:16,786 - tai_park_training - INFO -  Best validation accuracy: 0.1758
2025-07-21 11:11:16,787 - tai_park_training - INFO -  Training history saved to: results\models\debug_resnet50\models\training_history.json
2025-07-21 11:11:16,787 - tai_park_training - INFO -  Training completed successfully!
2025-07-21 11:11:16,910 - tai_park_training - INFO -  Model saved for inference: results\models\debug_resnet50\models\final_model.pth
2025-07-21 11:11:16,911 - tai_park_training - INFO -  Final model saved to: results\models\debug_resnet50\models\final_model.pth
