2025-07-21 08:32:28,717 - tai_park_training - INFO -  Starting Taï Park Species Classification Training
2025-07-21 08:32:28,717 - tai_park_training - INFO -  Output directory: results\models\resnet50_0.001_ce_stdaug_wei_00\models
2025-07-21 08:32:28,718 - tai_park_training - INFO -  Configuration: configs/base_config.yaml
2025-07-21 08:32:28,718 - tai_park_training - INFO -  Creating data loaders...
2025-07-21 08:32:32,304 - tai_park_training - INFO -  Creating model...
2025-07-21 08:32:32,605 - tai_park_training - INFO -  MODEL INFORMATION
2025-07-21 08:32:32,605 - tai_park_training - INFO - ==================================================
2025-07-21 08:32:32,605 - tai_park_training - INFO -  Model: resnet50
2025-07-21 08:32:32,606 - tai_park_training - INFO -  Parameters:
2025-07-21 08:32:32,606 - tai_park_training - INFO -    Total: 25,873,224
2025-07-21 08:32:32,606 - tai_park_training - INFO -    Trainable: 25,873,224
2025-07-21 08:32:32,606 - tai_park_training - INFO -    Frozen: 0
2025-07-21 08:32:32,607 - tai_park_training - INFO -  Estimated model size: 98.91 MB
2025-07-21 08:32:32,607 - tai_park_training - INFO -   Architecture:
2025-07-21 08:32:32,607 - tai_park_training - INFO -    backbone: ResNet
2025-07-21 08:32:32,607 - tai_park_training - INFO -    classifier: Sequential
2025-07-21 08:32:32,607 - tai_park_training - INFO -  use_site_embedding: False
2025-07-21 08:32:32,607 - tai_park_training - INFO -  use_attention: False
2025-07-21 08:32:32,607 - tai_park_training - INFO -  num_classes: 8
2025-07-21 08:32:32,607 - tai_park_training - INFO -  feature_dim: 2048
2025-07-21 08:32:32,607 - tai_park_training - INFO -   TRAINING CONFIGURATION
2025-07-21 08:32:32,607 - tai_park_training - INFO - ==================================================
2025-07-21 08:32:32,607 - tai_park_training - INFO -  Training:
2025-07-21 08:32:32,607 - tai_park_training - INFO -    Epochs: 10
2025-07-21 08:32:32,608 - tai_park_training - INFO -    Batch size: 32
2025-07-21 08:32:32,608 - tai_park_training - INFO -    Learning rate: 0.001
2025-07-21 08:32:32,608 - tai_park_training - INFO -    Weight decay: 0.0001
2025-07-21 08:32:32,608 - tai_park_training - INFO -    Early stopping patience: 10
2025-07-21 08:32:32,608 - tai_park_training - INFO -  Data:
2025-07-21 08:32:32,608 - tai_park_training - INFO -    Data directory: data/raw
2025-07-21 08:32:32,608 - tai_park_training - INFO -    Image size: [224, 224]
2025-07-21 08:32:32,608 - tai_park_training - INFO -    Number of workers: N/A
2025-07-21 08:32:32,608 - tai_park_training - INFO -    Sampler type: N/A
2025-07-21 08:32:32,608 - tai_park_training - INFO -    Aggressive augmentation: False
2025-07-21 08:32:32,608 - tai_park_training - INFO -  Model:
2025-07-21 08:32:32,608 - tai_park_training - INFO -    Architecture: resnet50
2025-07-21 08:32:32,608 - tai_park_training - INFO -    Pretrained: False
2025-07-21 08:32:32,608 - tai_park_training - INFO -    Dropout: 0.5
2025-07-21 08:32:32,608 - tai_park_training - INFO -    Freeze backbone: False
2025-07-21 08:32:32,608 - tai_park_training - INFO -  Hardware:
2025-07-21 08:32:32,608 - tai_park_training - INFO -    Device: auto
2025-07-21 08:32:32,609 - tai_park_training - INFO -    Mixed precision: True
2025-07-21 08:32:32,609 - tai_park_training - INFO -    Compile: False
2025-07-21 08:32:32,609 - tai_park_training - INFO -  Logging:
2025-07-21 08:32:32,609 - tai_park_training - INFO -    W&B enabled: False
2025-07-21 08:32:32,609 - tai_park_training - INFO -    Experiment name: resnet50_0.001_ce_stdaug_wei_00
2025-07-21 08:32:32,609 - tai_park_training - INFO -    Log level: INFO
2025-07-21 08:32:32,614 - tai_park_training - INFO -  Trainer initialized with mixed precision: True
2025-07-21 08:32:32,615 - tai_park_training - INFO -  Starting training...
2025-07-21 08:32:32,615 - tai_park_training - INFO -  Starting training for 10 epochs
2025-07-21 08:32:32,615 - tai_park_training - INFO -  Training samples: 13484
2025-07-21 08:32:32,615 - tai_park_training - INFO -  Validation samples: 3004
2025-07-21 08:34:46,296 - tai_park_training - INFO -  Epoch 1 completed in 133.68s
2025-07-21 08:34:46,297 - tai_park_training - INFO -    Train - Loss: 2.0394, Acc: 0.2065
2025-07-21 08:34:46,297 - tai_park_training - INFO -    Val   - Loss: 2.0896, Acc: 0.1205, LogLoss: 2.0966
2025-07-21 08:34:46,541 - tai_park_training - INFO -  Checkpoint saved to: results\models\resnet50_0.001_ce_stdaug_wei_00\models\best_model.pth
2025-07-21 08:34:46,541 - tai_park_training - INFO -  New best model saved! Val Loss: 2.0896
2025-07-21 08:35:26,599 - tai_park_training - INFO -  Starting Taï Park Species Classification Training
2025-07-21 08:35:26,600 - tai_park_training - INFO -  Output directory: results\models\resnet50_0.001_ce_stdaug_wei_00\models
2025-07-21 08:35:26,600 - tai_park_training - INFO -  Configuration: configs/base_config.yaml
2025-07-21 08:35:26,600 - tai_park_training - INFO -  Creating data loaders...
2025-07-21 08:35:30,048 - tai_park_training - INFO -  Creating model...
2025-07-21 08:35:30,333 - tai_park_training - INFO -  MODEL INFORMATION
2025-07-21 08:35:30,333 - tai_park_training - INFO - ==================================================
2025-07-21 08:35:30,333 - tai_park_training - INFO -  Model: resnet50
2025-07-21 08:35:30,334 - tai_park_training - INFO -  Parameters:
2025-07-21 08:35:30,334 - tai_park_training - INFO -    Total: 25,873,224
2025-07-21 08:35:30,334 - tai_park_training - INFO -    Trainable: 25,873,224
2025-07-21 08:35:30,334 - tai_park_training - INFO -    Frozen: 0
2025-07-21 08:35:30,334 - tai_park_training - INFO -  Estimated model size: 98.91 MB
2025-07-21 08:35:30,334 - tai_park_training - INFO -   Architecture:
2025-07-21 08:35:30,334 - tai_park_training - INFO -    backbone: ResNet
2025-07-21 08:35:30,334 - tai_park_training - INFO -    classifier: Sequential
2025-07-21 08:35:30,335 - tai_park_training - INFO -  use_site_embedding: False
2025-07-21 08:35:30,335 - tai_park_training - INFO -  use_attention: False
2025-07-21 08:35:30,335 - tai_park_training - INFO -  num_classes: 8
2025-07-21 08:35:30,335 - tai_park_training - INFO -  feature_dim: 2048
2025-07-21 08:35:30,335 - tai_park_training - INFO -   TRAINING CONFIGURATION
2025-07-21 08:35:30,335 - tai_park_training - INFO - ==================================================
2025-07-21 08:35:30,335 - tai_park_training - INFO -  Training:
2025-07-21 08:35:30,335 - tai_park_training - INFO -    Epochs: 10
2025-07-21 08:35:30,335 - tai_park_training - INFO -    Batch size: 32
2025-07-21 08:35:30,335 - tai_park_training - INFO -    Learning rate: 0.001
2025-07-21 08:35:30,335 - tai_park_training - INFO -    Weight decay: 0.0001
2025-07-21 08:35:30,335 - tai_park_training - INFO -    Early stopping patience: 10
2025-07-21 08:35:30,335 - tai_park_training - INFO -  Data:
2025-07-21 08:35:30,335 - tai_park_training - INFO -    Data directory: data/raw
2025-07-21 08:35:30,335 - tai_park_training - INFO -    Image size: [224, 224]
2025-07-21 08:35:30,335 - tai_park_training - INFO -    Number of workers: N/A
2025-07-21 08:35:30,335 - tai_park_training - INFO -    Sampler type: N/A
2025-07-21 08:35:30,336 - tai_park_training - INFO -    Aggressive augmentation: False
2025-07-21 08:35:30,336 - tai_park_training - INFO -  Model:
2025-07-21 08:35:30,336 - tai_park_training - INFO -    Architecture: resnet50
2025-07-21 08:35:30,336 - tai_park_training - INFO -    Pretrained: False
2025-07-21 08:35:30,336 - tai_park_training - INFO -    Dropout: 0.5
2025-07-21 08:35:30,336 - tai_park_training - INFO -    Freeze backbone: False
2025-07-21 08:35:30,336 - tai_park_training - INFO -  Hardware:
2025-07-21 08:35:30,336 - tai_park_training - INFO -    Device: auto
2025-07-21 08:35:30,336 - tai_park_training - INFO -    Mixed precision: True
2025-07-21 08:35:30,336 - tai_park_training - INFO -    Compile: False
2025-07-21 08:35:30,336 - tai_park_training - INFO -  Logging:
2025-07-21 08:35:30,336 - tai_park_training - INFO -    W&B enabled: False
2025-07-21 08:35:30,336 - tai_park_training - INFO -    Experiment name: resnet50_0.001_ce_stdaug_wei_00
2025-07-21 08:35:30,336 - tai_park_training - INFO -    Log level: INFO
2025-07-21 08:35:30,342 - tai_park_training - INFO -  Trainer initialized with mixed precision: True
2025-07-21 08:35:30,342 - tai_park_training - INFO -  Starting training...
2025-07-21 08:35:30,342 - tai_park_training - INFO -  Starting training for 10 epochs
2025-07-21 08:35:30,342 - tai_park_training - INFO -  Training samples: 13484
2025-07-21 08:35:30,343 - tai_park_training - INFO -  Validation samples: 3004
2025-07-21 08:37:36,825 - tai_park_training - INFO -  Epoch 1 completed in 126.48s
2025-07-21 08:37:36,826 - tai_park_training - INFO -    Train - Loss: 1.9840, Acc: 0.2286
2025-07-21 08:37:36,826 - tai_park_training - INFO -    Val   - Loss: 2.0397, Acc: 0.1565, LogLoss: 2.0463
2025-07-21 08:37:37,083 - tai_park_training - INFO -  Checkpoint saved to: results\models\resnet50_0.001_ce_stdaug_wei_00\models\best_model.pth
2025-07-21 08:37:37,084 - tai_park_training - INFO -  New best model saved! Val Loss: 2.0397
2025-07-21 08:39:11,543 - tai_park_training - INFO -  Starting Taï Park Species Classification Training
2025-07-21 08:39:11,544 - tai_park_training - INFO -  Output directory: results\models\resnet50_0.001_ce_stdaug_wei_00\models
2025-07-21 08:39:11,544 - tai_park_training - INFO -  Configuration: configs/base_config.yaml
2025-07-21 08:39:11,544 - tai_park_training - INFO -  Creating data loaders...
2025-07-21 08:39:14,977 - tai_park_training - INFO -  Creating model...
2025-07-21 08:39:15,261 - tai_park_training - INFO -  MODEL INFORMATION
2025-07-21 08:39:15,261 - tai_park_training - INFO - ==================================================
2025-07-21 08:39:15,261 - tai_park_training - INFO -  Model: resnet50
2025-07-21 08:39:15,262 - tai_park_training - INFO -  Parameters:
2025-07-21 08:39:15,262 - tai_park_training - INFO -    Total: 25,873,224
2025-07-21 08:39:15,263 - tai_park_training - INFO -    Trainable: 25,873,224
2025-07-21 08:39:15,263 - tai_park_training - INFO -    Frozen: 0
2025-07-21 08:39:15,263 - tai_park_training - INFO -  Estimated model size: 98.91 MB
2025-07-21 08:39:15,263 - tai_park_training - INFO -   Architecture:
2025-07-21 08:39:15,263 - tai_park_training - INFO -    backbone: ResNet
2025-07-21 08:39:15,263 - tai_park_training - INFO -    classifier: Sequential
2025-07-21 08:39:15,264 - tai_park_training - INFO -  use_site_embedding: False
2025-07-21 08:39:15,264 - tai_park_training - INFO -  use_attention: False
2025-07-21 08:39:15,264 - tai_park_training - INFO -  num_classes: 8
2025-07-21 08:39:15,264 - tai_park_training - INFO -  feature_dim: 2048
2025-07-21 08:39:15,264 - tai_park_training - INFO -   TRAINING CONFIGURATION
2025-07-21 08:39:15,264 - tai_park_training - INFO - ==================================================
2025-07-21 08:39:15,264 - tai_park_training - INFO -  Training:
2025-07-21 08:39:15,264 - tai_park_training - INFO -    Epochs: 10
2025-07-21 08:39:15,265 - tai_park_training - INFO -    Batch size: 32
2025-07-21 08:39:15,265 - tai_park_training - INFO -    Learning rate: 0.001
2025-07-21 08:39:15,265 - tai_park_training - INFO -    Weight decay: 0.0001
2025-07-21 08:39:15,265 - tai_park_training - INFO -    Early stopping patience: 10
2025-07-21 08:39:15,265 - tai_park_training - INFO -  Data:
2025-07-21 08:39:15,265 - tai_park_training - INFO -    Data directory: data/raw
2025-07-21 08:39:15,265 - tai_park_training - INFO -    Image size: [224, 224]
2025-07-21 08:39:15,265 - tai_park_training - INFO -    Number of workers: N/A
2025-07-21 08:39:15,265 - tai_park_training - INFO -    Sampler type: N/A
2025-07-21 08:39:15,266 - tai_park_training - INFO -    Aggressive augmentation: False
2025-07-21 08:39:15,266 - tai_park_training - INFO -  Model:
2025-07-21 08:39:15,266 - tai_park_training - INFO -    Architecture: resnet50
2025-07-21 08:39:15,266 - tai_park_training - INFO -    Pretrained: False
2025-07-21 08:39:15,266 - tai_park_training - INFO -    Dropout: 0.5
2025-07-21 08:39:15,266 - tai_park_training - INFO -    Freeze backbone: False
2025-07-21 08:39:15,266 - tai_park_training - INFO -  Hardware:
2025-07-21 08:39:15,266 - tai_park_training - INFO -    Device: auto
2025-07-21 08:39:15,267 - tai_park_training - INFO -    Mixed precision: True
2025-07-21 08:39:15,267 - tai_park_training - INFO -    Compile: False
2025-07-21 08:39:15,267 - tai_park_training - INFO -  Logging:
2025-07-21 08:39:15,267 - tai_park_training - INFO -    W&B enabled: False
2025-07-21 08:39:15,267 - tai_park_training - INFO -    Experiment name: resnet50_0.001_ce_stdaug_wei_00
2025-07-21 08:39:15,267 - tai_park_training - INFO -    Log level: INFO
2025-07-21 08:39:15,272 - tai_park_training - INFO -  Trainer initialized with mixed precision: True
2025-07-21 08:39:15,273 - tai_park_training - INFO -  Starting training...
2025-07-21 08:39:15,273 - tai_park_training - INFO -  Starting training for 10 epochs
2025-07-21 08:39:15,273 - tai_park_training - INFO -  Training samples: 13484
2025-07-21 08:39:15,273 - tai_park_training - INFO -  Validation samples: 3004
2025-07-21 08:41:10,490 - tai_park_training - INFO -  Starting Taï Park Species Classification Training
2025-07-21 08:41:10,490 - tai_park_training - INFO -  Output directory: results\models\resnet50_0.001_ce_stdaug_wei_00\models
2025-07-21 08:41:10,490 - tai_park_training - INFO -  Configuration: configs/base_config.yaml
2025-07-21 08:41:10,490 - tai_park_training - INFO -  Creating data loaders...
2025-07-21 08:41:13,877 - tai_park_training - INFO -  Creating model...
2025-07-21 08:41:14,158 - tai_park_training - INFO -  MODEL INFORMATION
2025-07-21 08:41:14,158 - tai_park_training - INFO - ==================================================
2025-07-21 08:41:14,158 - tai_park_training - INFO -  Model: resnet50
2025-07-21 08:41:14,159 - tai_park_training - INFO -  Parameters:
2025-07-21 08:41:14,159 - tai_park_training - INFO -    Total: 25,873,224
2025-07-21 08:41:14,159 - tai_park_training - INFO -    Trainable: 25,873,224
2025-07-21 08:41:14,160 - tai_park_training - INFO -    Frozen: 0
2025-07-21 08:41:14,160 - tai_park_training - INFO -  Estimated model size: 98.91 MB
2025-07-21 08:41:14,160 - tai_park_training - INFO -   Architecture:
2025-07-21 08:41:14,160 - tai_park_training - INFO -    backbone: ResNet
2025-07-21 08:41:14,161 - tai_park_training - INFO -    classifier: Sequential
2025-07-21 08:41:14,161 - tai_park_training - INFO -  use_site_embedding: False
2025-07-21 08:41:14,161 - tai_park_training - INFO -  use_attention: False
2025-07-21 08:41:14,161 - tai_park_training - INFO -  num_classes: 8
2025-07-21 08:41:14,161 - tai_park_training - INFO -  feature_dim: 2048
2025-07-21 08:41:14,161 - tai_park_training - INFO -   TRAINING CONFIGURATION
2025-07-21 08:41:14,161 - tai_park_training - INFO - ==================================================
2025-07-21 08:41:14,161 - tai_park_training - INFO -  Training:
2025-07-21 08:41:14,162 - tai_park_training - INFO -    Epochs: 2
2025-07-21 08:41:14,162 - tai_park_training - INFO -    Batch size: 32
2025-07-21 08:41:14,162 - tai_park_training - INFO -    Learning rate: 0.001
2025-07-21 08:41:14,162 - tai_park_training - INFO -    Weight decay: 0.0001
2025-07-21 08:41:14,162 - tai_park_training - INFO -    Early stopping patience: 10
2025-07-21 08:41:14,162 - tai_park_training - INFO -  Data:
2025-07-21 08:41:14,162 - tai_park_training - INFO -    Data directory: data/raw
2025-07-21 08:41:14,162 - tai_park_training - INFO -    Image size: [224, 224]
2025-07-21 08:41:14,163 - tai_park_training - INFO -    Number of workers: N/A
2025-07-21 08:41:14,163 - tai_park_training - INFO -    Sampler type: N/A
2025-07-21 08:41:14,163 - tai_park_training - INFO -    Aggressive augmentation: False
2025-07-21 08:41:14,163 - tai_park_training - INFO -  Model:
2025-07-21 08:41:14,163 - tai_park_training - INFO -    Architecture: resnet50
2025-07-21 08:41:14,163 - tai_park_training - INFO -    Pretrained: False
2025-07-21 08:41:14,163 - tai_park_training - INFO -    Dropout: 0.5
2025-07-21 08:41:14,163 - tai_park_training - INFO -    Freeze backbone: False
2025-07-21 08:41:14,163 - tai_park_training - INFO -  Hardware:
2025-07-21 08:41:14,164 - tai_park_training - INFO -    Device: auto
2025-07-21 08:41:14,164 - tai_park_training - INFO -    Mixed precision: True
2025-07-21 08:41:14,164 - tai_park_training - INFO -    Compile: False
2025-07-21 08:41:14,164 - tai_park_training - INFO -  Logging:
2025-07-21 08:41:14,164 - tai_park_training - INFO -    W&B enabled: False
2025-07-21 08:41:14,164 - tai_park_training - INFO -    Experiment name: resnet50_0.001_ce_stdaug_wei_00
2025-07-21 08:41:14,164 - tai_park_training - INFO -    Log level: INFO
2025-07-21 08:41:14,170 - tai_park_training - INFO -  Trainer initialized with mixed precision: True
2025-07-21 08:41:14,171 - tai_park_training - INFO -  Starting training...
2025-07-21 08:41:14,171 - tai_park_training - INFO -  Starting training for 2 epochs
2025-07-21 08:41:14,171 - tai_park_training - INFO -  Training samples: 13484
2025-07-21 08:41:14,171 - tai_park_training - INFO -  Validation samples: 3004
2025-07-21 08:43:09,623 - tai_park_training - INFO -  Epoch 1 completed in 115.45s
2025-07-21 08:43:09,623 - tai_park_training - INFO -    Train - Loss: 2.0216, Acc: 0.2064
2025-07-21 08:43:09,623 - tai_park_training - INFO -    Val   - Loss: 2.0369, Acc: 0.1418, LogLoss: 2.0363
2025-07-21 08:43:09,873 - tai_park_training - INFO -  Checkpoint saved to: results\models\resnet50_0.001_ce_stdaug_wei_00\models\best_model.pth
2025-07-21 08:43:09,874 - tai_park_training - INFO -  New best model saved! Val Loss: 2.0369
2025-07-21 08:45:04,445 - tai_park_training - INFO -  Epoch 2 completed in 114.57s
2025-07-21 08:45:04,445 - tai_park_training - INFO -    Train - Loss: 1.9206, Acc: 0.2497
2025-07-21 08:45:04,445 - tai_park_training - INFO -    Val   - Loss: 2.0063, Acc: 0.1485, LogLoss: 2.0133
2025-07-21 08:45:04,674 - tai_park_training - INFO -  Checkpoint saved to: results\models\resnet50_0.001_ce_stdaug_wei_00\models\best_model.pth
2025-07-21 08:45:04,674 - tai_park_training - INFO -  New best model saved! Val Loss: 2.0063
2025-07-21 08:45:04,674 - tai_park_training - INFO -  Training completed in 230.50 seconds
2025-07-21 08:45:04,675 - tai_park_training - INFO -  Best validation loss: 2.0063
2025-07-21 08:45:04,675 - tai_park_training - INFO -  Best validation accuracy: 0.1485
2025-07-21 08:45:04,676 - tai_park_training - INFO -  Training history saved to: results\models\resnet50_0.001_ce_stdaug_wei_00\models\training_history.json
2025-07-21 08:45:04,676 - tai_park_training - INFO -  Training completed successfully!
2025-07-21 08:45:04,815 - tai_park_training - INFO -  Model saved for inference: results\models\resnet50_0.001_ce_stdaug_wei_00\models\final_model.pth
2025-07-21 08:45:04,816 - tai_park_training - INFO -  Final model saved to: results\models\resnet50_0.001_ce_stdaug_wei_00\models\final_model.pth
