2025-07-18 18:51:23,040 - tai_park_training - INFO -  Starting Taï Park Species Classification Training
2025-07-18 18:51:23,041 - tai_park_training - INFO -  Output directory: results\models\experiment_20250718_185123\models
2025-07-18 18:51:23,041 - tai_park_training - INFO -  Configuration: configs/base_config.yaml
2025-07-18 18:51:23,041 - tai_park_training - INFO -  Creating data loaders...
2025-07-18 18:51:26,619 - tai_park_training - INFO -  Creating model...
2025-07-18 18:51:27,890 - tai_park_training - INFO -  MODEL INFORMATION
2025-07-18 18:51:27,891 - tai_park_training - INFO - ==================================================
2025-07-18 18:51:27,891 - tai_park_training - INFO -  Model: efficientnet_b3
2025-07-18 18:51:27,893 - tai_park_training - INFO -  Parameters:
2025-07-18 18:51:27,893 - tai_park_training - INFO -    Total: 12,177,328
2025-07-18 18:51:27,894 - tai_park_training - INFO -    Trainable: 12,177,328
2025-07-18 18:51:27,894 - tai_park_training - INFO -    Frozen: 0
2025-07-18 18:51:27,895 - tai_park_training - INFO -  Estimated model size: 46.79 MB
2025-07-18 18:51:27,895 - tai_park_training - INFO -   Architecture:
2025-07-18 18:51:27,895 - tai_park_training - INFO -    backbone: EfficientNet
2025-07-18 18:51:27,895 - tai_park_training - INFO -    classifier: Sequential
2025-07-18 18:51:27,895 - tai_park_training - INFO -  use_site_embedding: False
2025-07-18 18:51:27,896 - tai_park_training - INFO -  use_attention: False
2025-07-18 18:51:27,896 - tai_park_training - INFO -  num_classes: 8
2025-07-18 18:51:27,896 - tai_park_training - INFO -  feature_dim: 1536
2025-07-18 18:51:27,896 - tai_park_training - INFO -   TRAINING CONFIGURATION
2025-07-18 18:51:27,896 - tai_park_training - INFO - ==================================================
2025-07-18 18:51:27,896 - tai_park_training - INFO -  Training:
2025-07-18 18:51:27,897 - tai_park_training - INFO -    Epochs: 30
2025-07-18 18:51:27,897 - tai_park_training - INFO -    Batch size: 16
2025-07-18 18:51:27,897 - tai_park_training - INFO -    Learning rate: 0.001
2025-07-18 18:51:27,897 - tai_park_training - INFO -    Weight decay: 0.0001
2025-07-18 18:51:27,897 - tai_park_training - INFO -    Early stopping patience: 10
2025-07-18 18:51:27,897 - tai_park_training - INFO -  Data:
2025-07-18 18:51:27,897 - tai_park_training - INFO -    Data directory: data/raw
2025-07-18 18:51:27,898 - tai_park_training - INFO -    Image size: [224, 224]
2025-07-18 18:51:27,898 - tai_park_training - INFO -    Number of workers: N/A
2025-07-18 18:51:27,898 - tai_park_training - INFO -    Sampler type: N/A
2025-07-18 18:51:27,898 - tai_park_training - INFO -    Aggressive augmentation: True
2025-07-18 18:51:27,898 - tai_park_training - INFO -  Model:
2025-07-18 18:51:27,898 - tai_park_training - INFO -    Architecture: efficientnet_b3
2025-07-18 18:51:27,898 - tai_park_training - INFO -    Pretrained: True
2025-07-18 18:51:27,899 - tai_park_training - INFO -    Dropout: 0.2
2025-07-18 18:51:27,899 - tai_park_training - INFO -    Freeze backbone: False
2025-07-18 18:51:27,899 - tai_park_training - INFO -  Hardware:
2025-07-18 18:51:27,899 - tai_park_training - INFO -    Device: auto
2025-07-18 18:51:27,899 - tai_park_training - INFO -    Mixed precision: True
2025-07-18 18:51:27,899 - tai_park_training - INFO -    Compile: False
2025-07-18 18:51:27,899 - tai_park_training - INFO -  Logging:
2025-07-18 18:51:27,900 - tai_park_training - INFO -    W&B enabled: False
2025-07-18 18:51:27,900 - tai_park_training - INFO -    Experiment name: None
2025-07-18 18:51:27,900 - tai_park_training - INFO -    Log level: INFO
2025-07-18 18:51:27,910 - tai_park_training - INFO -  Trainer initialized with mixed precision: True
2025-07-18 18:51:27,910 - tai_park_training - INFO -  Starting training...
2025-07-18 18:51:27,910 - tai_park_training - INFO -  Starting training for 30 epochs
2025-07-18 18:51:27,911 - tai_park_training - INFO -  Training samples: 13484
2025-07-18 18:51:27,911 - tai_park_training - INFO -  Validation samples: 3004
2025-07-18 18:54:07,267 - tai_park_training - INFO -  Epoch 1 completed in 159.36s
2025-07-18 18:54:07,268 - tai_park_training - INFO -    Train - Loss: 0.8496, Acc: 0.5273
2025-07-18 18:54:07,268 - tai_park_training - INFO -    Val   - Loss: 1.2933, Acc: 0.3296, LogLoss: 1.7499
2025-07-18 18:54:07,554 - tai_park_training - INFO -  Checkpoint saved to: results\models\experiment_20250718_185123\models\best_model.pth
2025-07-18 18:54:07,554 - tai_park_training - INFO -  New best model saved! Val Loss: 1.2933
2025-07-18 18:56:48,459 - tai_park_training - INFO -  Epoch 2 completed in 160.90s
2025-07-18 18:56:48,459 - tai_park_training - INFO -    Train - Loss: 0.5599, Acc: 0.6724
2025-07-18 18:56:48,459 - tai_park_training - INFO -    Val   - Loss: 1.2558, Acc: 0.3852, LogLoss: 1.6962
2025-07-18 18:56:48,763 - tai_park_training - INFO -  Checkpoint saved to: results\models\experiment_20250718_185123\models\best_model.pth
2025-07-18 18:56:48,763 - tai_park_training - INFO -  New best model saved! Val Loss: 1.2558
2025-07-18 18:59:43,197 - tai_park_training - INFO -  Epoch 3 completed in 174.43s
2025-07-18 18:59:43,197 - tai_park_training - INFO -    Train - Loss: 0.4547, Acc: 0.7209
2025-07-18 18:59:43,197 - tai_park_training - INFO -    Val   - Loss: 1.3900, Acc: 0.3802, LogLoss: 1.8296
2025-07-18 19:02:36,819 - tai_park_training - INFO -  Epoch 4 completed in 173.62s
2025-07-18 19:02:36,819 - tai_park_training - INFO -    Train - Loss: 0.3919, Acc: 0.7565
2025-07-18 19:02:36,819 - tai_park_training - INFO -    Val   - Loss: 1.5048, Acc: 0.3479, LogLoss: 1.9225
2025-07-18 19:05:30,949 - tai_park_training - INFO -  Epoch 5 completed in 174.13s
2025-07-18 19:05:30,949 - tai_park_training - INFO -    Train - Loss: 0.3354, Acc: 0.7815
2025-07-18 19:05:30,949 - tai_park_training - INFO -    Val   - Loss: 1.3418, Acc: 0.3945, LogLoss: 1.7539
2025-07-18 19:05:31,235 - tai_park_training - INFO -  Checkpoint saved to: results\models\experiment_20250718_185123\models\checkpoint_epoch_5.pth
2025-07-18 19:08:26,068 - tai_park_training - INFO -  Epoch 6 completed in 174.83s
2025-07-18 19:08:26,069 - tai_park_training - INFO -    Train - Loss: 0.3043, Acc: 0.7932
2025-07-18 19:08:26,069 - tai_park_training - INFO -    Val   - Loss: 1.4633, Acc: 0.3975, LogLoss: 1.8571
2025-07-18 19:11:20,200 - tai_park_training - INFO -  Epoch 7 completed in 174.13s
2025-07-18 19:11:20,201 - tai_park_training - INFO -    Train - Loss: 0.2857, Acc: 0.8078
2025-07-18 19:11:20,201 - tai_park_training - INFO -    Val   - Loss: 1.5575, Acc: 0.3698, LogLoss: 1.9589
2025-07-18 19:14:01,688 - tai_park_training - INFO -  Epoch 8 completed in 161.49s
2025-07-18 19:14:01,688 - tai_park_training - INFO -    Train - Loss: 0.2715, Acc: 0.8117
2025-07-18 19:14:01,689 - tai_park_training - INFO -    Val   - Loss: 1.7118, Acc: 0.3552, LogLoss: 2.0785
2025-07-18 19:16:53,620 - tai_park_training - INFO -  Epoch 9 completed in 171.93s
2025-07-18 19:16:53,620 - tai_park_training - INFO -    Train - Loss: 0.1819, Acc: 0.8655
2025-07-18 19:16:53,620 - tai_park_training - INFO -    Val   - Loss: 1.6988, Acc: 0.3828, LogLoss: 2.0603
2025-07-18 19:19:48,634 - tai_park_training - INFO -  Epoch 10 completed in 175.01s
2025-07-18 19:19:48,634 - tai_park_training - INFO -    Train - Loss: 0.1624, Acc: 0.8766
2025-07-18 19:19:48,634 - tai_park_training - INFO -    Val   - Loss: 1.8264, Acc: 0.3832, LogLoss: 2.1728
2025-07-18 19:19:49,261 - tai_park_training - INFO -  Checkpoint saved to: results\models\experiment_20250718_185123\models\checkpoint_epoch_10.pth
2025-07-18 19:22:29,514 - tai_park_training - INFO -  Epoch 11 completed in 160.25s
2025-07-18 19:22:29,515 - tai_park_training - INFO -    Train - Loss: 0.1459, Acc: 0.8871
2025-07-18 19:22:29,515 - tai_park_training - INFO -    Val   - Loss: 1.8948, Acc: 0.3945, LogLoss: 2.2425
2025-07-18 19:25:13,575 - tai_park_training - INFO -  Epoch 12 completed in 164.06s
2025-07-18 19:25:13,576 - tai_park_training - INFO -    Train - Loss: 0.1418, Acc: 0.8914
2025-07-18 19:25:13,576 - tai_park_training - INFO -    Val   - Loss: 2.0969, Acc: 0.3685, LogLoss: 2.4251
2025-07-18 19:25:13,578 - tai_park_training - INFO -  Early stopping triggered after 10 epochs without improvement
2025-07-18 19:25:13,579 - tai_park_training - INFO -  Training completed in 2025.67 seconds
2025-07-18 19:25:13,579 - tai_park_training - INFO -  Best validation loss: 1.2558
2025-07-18 19:25:13,579 - tai_park_training - INFO -  Best validation accuracy: 0.3852
2025-07-18 19:25:13,580 - tai_park_training - INFO -  Training history saved to: results\models\experiment_20250718_185123\models\training_history.json
2025-07-18 19:25:13,580 - tai_park_training - INFO -  Training completed successfully!
2025-07-18 19:25:13,699 - tai_park_training - INFO -  Model saved for inference: results\models\experiment_20250718_185123\models\final_model.pth
2025-07-18 19:25:13,699 - tai_park_training - INFO -  Final model saved to: results\models\experiment_20250718_185123\models\final_model.pth
