2025-07-21 08:47:33,522 - tai_park_training - INFO - AutoTrainer iniciado - Presupuesto: 6.0h
2025-07-21 08:47:33,523 - tai_park_training - INFO - Directorio de salida: results\auto_experiments
2025-07-21 08:47:33,523 - tai_park_training - INFO - Iniciando entrenamiento automático - Prioridad: best
2025-07-21 08:47:33,523 - tai_park_training - INFO - Total de experimentos planificados: 6
2025-07-21 08:47:33,523 - tai_park_training - INFO - Tiempo restante: 6.0h | Experimentos restantes: 6
2025-07-21 08:47:33,523 - tai_park_training - INFO - Iniciando experimento: efficientnet_b3_0.0005_focal_aggaug_sit_00
2025-07-21 08:47:33,524 - tai_park_training - INFO - Comando: C:\Users\gonza\Documents\Conser-vision-Practice-Area-Image-Classification\tai-park-env\Scripts\python.exe scripts/train_model.py --model efficientnet_b3 --epochs 50 --batch-size 16 --learning-rate 0.0005 --experiment-name efficientnet_b3_0.0005_focal_aggaug_sit_00 --mixed-precision --class-weights --focal-loss --aggressive-aug --sampler site_aware --validation-sites data/processed/validation_sites.csv
2025-07-21 08:48:08,775 - tai_park_training - ERROR - [FAIL] Experimento efficientnet_b3_0.0005_focal_aggaug_sit_00 falló
2025-07-21 08:48:08,775 - tai_park_training - ERROR - stdout: None
2025-07-21 08:48:08,776 - tai_park_training - ERROR - stderr: None
2025-07-21 08:48:08,777 - tai_park_training - INFO - Tiempo restante: 6.0h | Experimentos restantes: 5
2025-07-21 08:48:08,777 - tai_park_training - INFO - Iniciando experimento: efficientnet_b3_0.0008_focal_stdaug_wei_01
2025-07-21 08:48:08,777 - tai_park_training - INFO - Comando: C:\Users\gonza\Documents\Conser-vision-Practice-Area-Image-Classification\tai-park-env\Scripts\python.exe scripts/train_model.py --model efficientnet_b3 --epochs 45 --batch-size 20 --learning-rate 0.0008 --experiment-name efficientnet_b3_0.0008_focal_stdaug_wei_01 --mixed-precision --class-weights --focal-loss --sampler weighted --validation-sites data/processed/validation_sites.csv
2025-07-21 08:48:46,973 - tai_park_training - ERROR - [FAIL] Experimento efficientnet_b3_0.0008_focal_stdaug_wei_01 falló
2025-07-21 08:48:46,973 - tai_park_training - ERROR - stdout: None
2025-07-21 08:48:46,974 - tai_park_training - ERROR - stderr: None
2025-07-21 08:48:46,975 - tai_park_training - INFO - Tiempo restante: 6.0h | Experimentos restantes: 4
2025-07-21 08:48:46,975 - tai_park_training - INFO - Iniciando experimento: efficientnet_b4_0.0003_focal_aggaug_sit_02
2025-07-21 08:48:46,975 - tai_park_training - INFO - Comando: C:\Users\gonza\Documents\Conser-vision-Practice-Area-Image-Classification\tai-park-env\Scripts\python.exe scripts/train_model.py --model efficientnet_b4 --epochs 40 --batch-size 12 --learning-rate 0.0003 --experiment-name efficientnet_b4_0.0003_focal_aggaug_sit_02 --mixed-precision --class-weights --focal-loss --aggressive-aug --sampler site_aware --validation-sites data/processed/validation_sites.csv
2025-07-21 08:49:22,033 - tai_park_training - ERROR - [FAIL] Experimento efficientnet_b4_0.0003_focal_aggaug_sit_02 falló
2025-07-21 08:49:22,033 - tai_park_training - ERROR - stdout: None
2025-07-21 08:49:22,033 - tai_park_training - ERROR - stderr: None
2025-07-21 08:49:22,034 - tai_park_training - INFO - Tiempo restante: 6.0h | Experimentos restantes: 3
2025-07-21 08:49:22,034 - tai_park_training - INFO - Iniciando experimento: efficientnet_b4_0.0005_ce_aggaug_bal_03
2025-07-21 08:49:22,035 - tai_park_training - INFO - Comando: C:\Users\gonza\Documents\Conser-vision-Practice-Area-Image-Classification\tai-park-env\Scripts\python.exe scripts/train_model.py --model efficientnet_b4 --epochs 35 --batch-size 16 --learning-rate 0.0005 --experiment-name efficientnet_b4_0.0005_ce_aggaug_bal_03 --mixed-precision --class-weights --aggressive-aug --sampler balanced_batch --validation-sites data/processed/validation_sites.csv
2025-07-21 08:50:00,509 - tai_park_training - ERROR - [FAIL] Experimento efficientnet_b4_0.0005_ce_aggaug_bal_03 falló
2025-07-21 08:50:00,509 - tai_park_training - ERROR - stdout: None
2025-07-21 08:50:00,509 - tai_park_training - ERROR - stderr: None
2025-07-21 08:50:00,511 - tai_park_training - INFO - Tiempo restante: 6.0h | Experimentos restantes: 2
2025-07-21 08:50:00,511 - tai_park_training - INFO - Iniciando experimento: convnext_tiny_0.0005_focal_stdaug_wei_04
2025-07-21 08:50:00,511 - tai_park_training - INFO - Comando: C:\Users\gonza\Documents\Conser-vision-Practice-Area-Image-Classification\tai-park-env\Scripts\python.exe scripts/train_model.py --model convnext_tiny --epochs 35 --batch-size 20 --learning-rate 0.0005 --experiment-name convnext_tiny_0.0005_focal_stdaug_wei_04 --mixed-precision --class-weights --focal-loss --validation-sites data/processed/validation_sites.csv
2025-07-21 09:12:55,539 - tai_park_training - INFO - [OK] Experimento convnext_tiny_0.0005_focal_stdaug_wei_04 completado en 0.38h
2025-07-21 09:12:55,540 - tai_park_training - INFO - Tiempo restante: 5.6h | Experimentos restantes: 1
2025-07-21 09:12:55,541 - tai_park_training - INFO - Iniciando experimento: resnet101_0.0008_focal_stdaug_sit_05
2025-07-21 09:12:55,541 - tai_park_training - INFO - Comando: C:\Users\gonza\Documents\Conser-vision-Practice-Area-Image-Classification\tai-park-env\Scripts\python.exe scripts/train_model.py --model resnet101 --epochs 30 --batch-size 24 --learning-rate 0.0008 --experiment-name resnet101_0.0008_focal_stdaug_sit_05 --mixed-precision --class-weights --focal-loss --sampler site_aware --validation-sites data/processed/validation_sites.csv
2025-07-21 09:36:17,449 - tai_park_training - INFO - [OK] Experimento resnet101_0.0008_focal_stdaug_sit_05 completado en 0.39h
2025-07-21 09:36:17,452 - tai_park_training - INFO - Resumen final guardado en: results\auto_experiments\final_summary.json
2025-07-21 09:36:17,452 - tai_park_training - INFO - 
================================================================================
2025-07-21 09:36:17,453 - tai_park_training - INFO - RESUMEN FINAL DE ENTRENAMIENTO AUTOMÁTICO
2025-07-21 09:36:17,453 - tai_park_training - INFO - ================================================================================
2025-07-21 09:36:17,453 - tai_park_training - INFO - Tiempo total: 0.81h / 6.00h
2025-07-21 09:36:17,453 - tai_park_training - INFO - Experimentos: 2 exitosos, 4 fallidos
2025-07-21 09:36:17,453 - tai_park_training - INFO - Tasa de éxito: 33.3%
2025-07-21 09:36:17,454 - tai_park_training - INFO - 
MEJOR ACCURACY: resnet101_0.0008_focal_stdaug_sit_05
2025-07-21 09:36:17,454 - tai_park_training - INFO -    Accuracy: 0.2294
2025-07-21 09:36:17,454 - tai_park_training - INFO -    Modelo: resnet101
2025-07-21 09:36:17,454 - tai_park_training - INFO -    Config: lr=0.0008, focal=True
2025-07-21 09:36:17,454 - tai_park_training - INFO - 
MEJOR LOG LOSS: resnet101_0.0008_focal_stdaug_sit_05
2025-07-21 09:36:17,454 - tai_park_training - INFO -    Log Loss: 1.9608
2025-07-21 09:36:17,455 - tai_park_training - INFO -    Modelo: resnet101
2025-07-21 09:36:17,455 - tai_park_training - INFO -    Config: lr=0.0008, focal=True
2025-07-21 09:36:17,455 - tai_park_training - INFO - 
TOP 3 POR ACCURACY:
2025-07-21 09:36:17,455 - tai_park_training - INFO -    1. resnet101_0.0008_focal_stdaug_sit_05: 0.2294
2025-07-21 09:36:17,455 - tai_park_training - INFO -    2. convnext_tiny_0.0005_focal_stdaug_wei_04: 0.1465
2025-07-21 09:36:17,455 - tai_park_training - INFO - 
================================================================================
