2025-07-21 11:18:31,328 - tai_park_training - INFO -  Starting Taï Park Species Classification Training
2025-07-21 11:18:31,328 - tai_park_training - INFO -  Output directory: results\models\debug_convnext_tiny\models
2025-07-21 11:18:31,328 - tai_park_training - INFO -  Configuration: configs/base_config.yaml
2025-07-21 11:18:31,329 - tai_park_training - INFO -  Creating data loaders...
2025-07-21 11:18:34,760 - tai_park_training - INFO -  Creating model...
2025-07-21 11:18:35,175 - tai_park_training - INFO -  MODEL INFORMATION
2025-07-21 11:18:35,176 - tai_park_training - INFO - ==================================================
2025-07-21 11:18:35,176 - tai_park_training - INFO -  Model: convnext_tiny
2025-07-21 11:18:35,177 - tai_park_training - INFO -  Parameters:
2025-07-21 11:18:35,177 - tai_park_training - INFO -    Total: 28,874,600
2025-07-21 11:18:35,177 - tai_park_training - INFO -    Trainable: 28,874,600
2025-07-21 11:18:35,177 - tai_park_training - INFO -    Frozen: 0
2025-07-21 11:18:35,178 - tai_park_training - INFO -  Estimated model size: 110.16 MB
2025-07-21 11:18:35,178 - tai_park_training - INFO -   Architecture:
2025-07-21 11:18:35,178 - tai_park_training - INFO -    backbone: ConvNeXt
2025-07-21 11:18:35,178 - tai_park_training - INFO -    classifier: Sequential
2025-07-21 11:18:35,179 - tai_park_training - INFO -  use_site_embedding: False
2025-07-21 11:18:35,179 - tai_park_training - INFO -  use_attention: False
2025-07-21 11:18:35,179 - tai_park_training - INFO -  num_classes: 8
2025-07-21 11:18:35,179 - tai_park_training - INFO -  feature_dim: 768
2025-07-21 11:18:35,179 - tai_park_training - INFO -   TRAINING CONFIGURATION
2025-07-21 11:18:35,179 - tai_park_training - INFO - ==================================================
2025-07-21 11:18:35,179 - tai_park_training - INFO -  Training:
2025-07-21 11:18:35,179 - tai_park_training - INFO -    Epochs: 1
2025-07-21 11:18:35,180 - tai_park_training - INFO -    Batch size: 8
2025-07-21 11:18:35,180 - tai_park_training - INFO -    Learning rate: 0.001
2025-07-21 11:18:35,180 - tai_park_training - INFO -    Weight decay: 0.0001
2025-07-21 11:18:35,180 - tai_park_training - INFO -    Early stopping patience: 10
2025-07-21 11:18:35,180 - tai_park_training - INFO -  Data:
2025-07-21 11:18:35,180 - tai_park_training - INFO -    Data directory: data/raw
2025-07-21 11:18:35,181 - tai_park_training - INFO -    Image size: [224, 224]
2025-07-21 11:18:35,181 - tai_park_training - INFO -    Number of workers: N/A
2025-07-21 11:18:35,181 - tai_park_training - INFO -    Sampler type: N/A
2025-07-21 11:18:35,181 - tai_park_training - INFO -    Aggressive augmentation: False
2025-07-21 11:18:35,181 - tai_park_training - INFO -  Model:
2025-07-21 11:18:35,181 - tai_park_training - INFO -    Architecture: convnext_tiny
2025-07-21 11:18:35,182 - tai_park_training - INFO -    Pretrained: False
2025-07-21 11:18:35,182 - tai_park_training - INFO -    Dropout: 0.5
2025-07-21 11:18:35,182 - tai_park_training - INFO -    Freeze backbone: False
2025-07-21 11:18:35,182 - tai_park_training - INFO -  Hardware:
2025-07-21 11:18:35,182 - tai_park_training - INFO -    Device: auto
2025-07-21 11:18:35,182 - tai_park_training - INFO -    Mixed precision: False
2025-07-21 11:18:35,183 - tai_park_training - INFO -    Compile: False
2025-07-21 11:18:35,183 - tai_park_training - INFO -  Logging:
2025-07-21 11:18:35,183 - tai_park_training - INFO -    W&B enabled: False
2025-07-21 11:18:35,183 - tai_park_training - INFO -    Experiment name: debug_convnext_tiny
2025-07-21 11:18:35,183 - tai_park_training - INFO -    Log level: INFO
2025-07-21 11:18:35,188 - tai_park_training - INFO -  Trainer initialized with mixed precision: False
2025-07-21 11:18:35,189 - tai_park_training - INFO -  Quick test mode - training for 2 epochs
2025-07-21 11:18:35,189 - tai_park_training - INFO -  Starting training...
2025-07-21 11:18:35,189 - tai_park_training - INFO -  Starting training for 2 epochs
2025-07-21 11:18:35,190 - tai_park_training - INFO -  Training samples: 13484
2025-07-21 11:18:35,190 - tai_park_training - INFO -  Validation samples: 3004
2025-07-21 11:21:09,745 - tai_park_training - INFO -  Epoch 1 completed in 154.55s
2025-07-21 11:21:09,745 - tai_park_training - INFO -    Train - Loss: 2.1680, Acc: 0.1287
2025-07-21 11:21:09,745 - tai_park_training - INFO -    Val   - Loss: 2.0581, Acc: 0.1877, LogLoss: 2.0581
2025-07-21 11:21:09,985 - tai_park_training - INFO -  Checkpoint saved to: results\models\debug_convnext_tiny\models\best_model.pth
2025-07-21 11:21:09,986 - tai_park_training - INFO -  New best model saved! Val Loss: 2.0581
