2025-07-18 18:11:58,353 - tai_park_training - INFO -  Starting Taï Park Species Classification Training
2025-07-18 18:11:58,353 - tai_park_training - INFO -  Output directory: results\models\experiment_20250718_181158\models
2025-07-18 18:11:58,354 - tai_park_training - INFO -  Configuration: configs/base_config.yaml
2025-07-18 18:11:58,354 - tai_park_training - INFO -  Creating data loaders...
2025-07-18 18:12:01,808 - tai_park_training - INFO -  Creating model...
2025-07-18 18:12:02,305 - tai_park_training - INFO -  MODEL INFORMATION
2025-07-18 18:12:02,305 - tai_park_training - INFO - ==================================================
2025-07-18 18:12:02,305 - tai_park_training - INFO -  Model: resnet50
2025-07-18 18:12:02,307 - tai_park_training - INFO -  Parameters:
2025-07-18 18:12:02,307 - tai_park_training - INFO -    Total: 26,138,184
2025-07-18 18:12:02,307 - tai_park_training - INFO -    Trainable: 26,138,184
2025-07-18 18:12:02,308 - tai_park_training - INFO -    Frozen: 0
2025-07-18 18:12:02,308 - tai_park_training - INFO -  Estimated model size: 99.92 MB
2025-07-18 18:12:02,308 - tai_park_training - INFO -   Architecture:
2025-07-18 18:12:02,309 - tai_park_training - INFO -    backbone: ResNet
2025-07-18 18:12:02,309 - tai_park_training - INFO -    classifier: Sequential
2025-07-18 18:12:02,309 - tai_park_training - INFO -  use_site_embedding: False
2025-07-18 18:12:02,309 - tai_park_training - INFO -  use_attention: False
2025-07-18 18:12:02,309 - tai_park_training - INFO -  num_classes: 8
2025-07-18 18:12:02,309 - tai_park_training - INFO -  feature_dim: 2048
2025-07-18 18:12:02,309 - tai_park_training - INFO -   TRAINING CONFIGURATION
2025-07-18 18:12:02,310 - tai_park_training - INFO - ==================================================
2025-07-18 18:12:02,310 - tai_park_training - INFO -  Training:
2025-07-18 18:12:02,310 - tai_park_training - INFO -    Epochs: 3
2025-07-18 18:12:02,310 - tai_park_training - INFO -    Batch size: 32
2025-07-18 18:12:02,310 - tai_park_training - INFO -    Learning rate: 0.001
2025-07-18 18:12:02,310 - tai_park_training - INFO -    Weight decay: 0.0001
2025-07-18 18:12:02,311 - tai_park_training - INFO -    Early stopping patience: 10
2025-07-18 18:12:02,311 - tai_park_training - INFO -  Data:
2025-07-18 18:12:02,311 - tai_park_training - INFO -    Data directory: data/raw
2025-07-18 18:12:02,311 - tai_park_training - INFO -    Image size: [224, 224]
2025-07-18 18:12:02,311 - tai_park_training - INFO -    Number of workers: N/A
2025-07-18 18:12:02,311 - tai_park_training - INFO -    Sampler type: N/A
2025-07-18 18:12:02,312 - tai_park_training - INFO -    Aggressive augmentation: False
2025-07-18 18:12:02,312 - tai_park_training - INFO -  Model:
2025-07-18 18:12:02,312 - tai_park_training - INFO -    Architecture: resnet50
2025-07-18 18:12:02,312 - tai_park_training - INFO -    Pretrained: True
2025-07-18 18:12:02,312 - tai_park_training - INFO -    Dropout: 0.2
2025-07-18 18:12:02,312 - tai_park_training - INFO -    Freeze backbone: False
2025-07-18 18:12:02,313 - tai_park_training - INFO -  Hardware:
2025-07-18 18:12:02,313 - tai_park_training - INFO -    Device: auto
2025-07-18 18:12:02,313 - tai_park_training - INFO -    Mixed precision: False
2025-07-18 18:12:02,313 - tai_park_training - INFO -    Compile: False
2025-07-18 18:12:02,313 - tai_park_training - INFO -  Logging:
2025-07-18 18:12:02,313 - tai_park_training - INFO -    W&B enabled: False
2025-07-18 18:12:02,313 - tai_park_training - INFO -    Experiment name: None
2025-07-18 18:12:02,314 - tai_park_training - INFO -    Log level: INFO
2025-07-18 18:12:02,320 - tai_park_training - INFO -  Trainer initialized with mixed precision: False
2025-07-18 18:12:02,320 - tai_park_training - INFO -  Quick test mode - training for 2 epochs
2025-07-18 18:12:02,320 - tai_park_training - INFO -  Starting training...
2025-07-18 18:12:02,321 - tai_park_training - INFO -  Starting training for 2 epochs
2025-07-18 18:12:02,321 - tai_park_training - INFO -  Training samples: 13484
2025-07-18 18:12:02,321 - tai_park_training - INFO -  Validation samples: 3004
2025-07-18 18:14:20,108 - tai_park_training - INFO -  Epoch 1 completed in 137.79s
2025-07-18 18:14:20,108 - tai_park_training - INFO -    Train - Loss: 1.6054, Acc: 0.3908
2025-07-18 18:14:20,108 - tai_park_training - INFO -    Val   - Loss: 1.8267, Acc: 0.2860, LogLoss: 1.8154
2025-07-18 18:14:20,476 - tai_park_training - INFO -  Checkpoint saved to: results\models\experiment_20250718_181158\models\best_model.pth
2025-07-18 18:14:20,477 - tai_park_training - INFO -  New best model saved! Val Loss: 1.8267
2025-07-18 18:16:37,988 - tai_park_training - INFO -  Epoch 2 completed in 137.51s
2025-07-18 18:16:37,988 - tai_park_training - INFO -    Train - Loss: 1.1974, Acc: 0.5521
2025-07-18 18:16:37,988 - tai_park_training - INFO -    Val   - Loss: 1.9472, Acc: 0.3562, LogLoss: 1.9422
2025-07-18 18:16:37,990 - tai_park_training - INFO -  Training completed in 275.67 seconds
2025-07-18 18:16:37,990 - tai_park_training - INFO -  Best validation loss: 1.8267
2025-07-18 18:16:37,991 - tai_park_training - INFO -  Best validation accuracy: 0.2860
2025-07-18 18:16:37,991 - tai_park_training - INFO -  Training history saved to: results\models\experiment_20250718_181158\models\training_history.json
2025-07-18 18:16:37,992 - tai_park_training - INFO -  Training completed successfully!
2025-07-18 18:16:38,124 - tai_park_training - INFO -  Model saved for inference: results\models\experiment_20250718_181158\models\final_model.pth
2025-07-18 18:16:38,125 - tai_park_training - INFO -  Final model saved to: results\models\experiment_20250718_181158\models\final_model.pth
