2025-07-21 09:13:01,832 - tai_park_training - INFO -  Starting Taï Park Species Classification Training
2025-07-21 09:13:01,833 - tai_park_training - INFO -  Output directory: results\models\resnet101_0.0008_focal_stdaug_sit_05\models
2025-07-21 09:13:01,833 - tai_park_training - INFO -  Configuration: configs/base_config.yaml
2025-07-21 09:13:01,833 - tai_park_training - INFO -  Creating data loaders...
2025-07-21 09:13:02,455 - tai_park_training - INFO -  Creating model...
2025-07-21 09:13:02,967 - tai_park_training - INFO -  MODEL INFORMATION
2025-07-21 09:13:02,967 - tai_park_training - INFO - ==================================================
2025-07-21 09:13:02,968 - tai_park_training - INFO -  Model: resnet101
2025-07-21 09:13:02,970 - tai_park_training - INFO -  Parameters:
2025-07-21 09:13:02,970 - tai_park_training - INFO -    Total: 44,865,352
2025-07-21 09:13:02,970 - tai_park_training - INFO -    Trainable: 44,865,352
2025-07-21 09:13:02,970 - tai_park_training - INFO -    Frozen: 0
2025-07-21 09:13:02,971 - tai_park_training - INFO -  Estimated model size: 171.56 MB
2025-07-21 09:13:02,971 - tai_park_training - INFO -   Architecture:
2025-07-21 09:13:02,971 - tai_park_training - INFO -    backbone: ResNet
2025-07-21 09:13:02,972 - tai_park_training - INFO -    classifier: Sequential
2025-07-21 09:13:02,972 - tai_park_training - INFO -  use_site_embedding: False
2025-07-21 09:13:02,972 - tai_park_training - INFO -  use_attention: False
2025-07-21 09:13:02,972 - tai_park_training - INFO -  num_classes: 8
2025-07-21 09:13:02,972 - tai_park_training - INFO -  feature_dim: 2048
2025-07-21 09:13:02,972 - tai_park_training - INFO -   TRAINING CONFIGURATION
2025-07-21 09:13:02,973 - tai_park_training - INFO - ==================================================
2025-07-21 09:13:02,973 - tai_park_training - INFO -  Training:
2025-07-21 09:13:02,973 - tai_park_training - INFO -    Epochs: 30
2025-07-21 09:13:02,973 - tai_park_training - INFO -    Batch size: 24
2025-07-21 09:13:02,973 - tai_park_training - INFO -    Learning rate: 0.0008
2025-07-21 09:13:02,973 - tai_park_training - INFO -    Weight decay: 0.0001
2025-07-21 09:13:02,974 - tai_park_training - INFO -    Early stopping patience: 10
2025-07-21 09:13:02,974 - tai_park_training - INFO -  Data:
2025-07-21 09:13:02,974 - tai_park_training - INFO -    Data directory: data/raw
2025-07-21 09:13:02,974 - tai_park_training - INFO -    Image size: [224, 224]
2025-07-21 09:13:02,974 - tai_park_training - INFO -    Number of workers: N/A
2025-07-21 09:13:02,974 - tai_park_training - INFO -    Sampler type: site_aware
2025-07-21 09:13:02,975 - tai_park_training - INFO -    Aggressive augmentation: False
2025-07-21 09:13:02,975 - tai_park_training - INFO -  Model:
2025-07-21 09:13:02,975 - tai_park_training - INFO -    Architecture: resnet101
2025-07-21 09:13:02,975 - tai_park_training - INFO -    Pretrained: False
2025-07-21 09:13:02,975 - tai_park_training - INFO -    Dropout: 0.5
2025-07-21 09:13:02,975 - tai_park_training - INFO -    Freeze backbone: False
2025-07-21 09:13:02,976 - tai_park_training - INFO -  Hardware:
2025-07-21 09:13:02,976 - tai_park_training - INFO -    Device: auto
2025-07-21 09:13:02,976 - tai_park_training - INFO -    Mixed precision: True
2025-07-21 09:13:02,976 - tai_park_training - INFO -    Compile: False
2025-07-21 09:13:02,976 - tai_park_training - INFO -  Logging:
2025-07-21 09:13:02,976 - tai_park_training - INFO -    W&B enabled: False
2025-07-21 09:13:02,976 - tai_park_training - INFO -    Experiment name: resnet101_0.0008_focal_stdaug_sit_05
2025-07-21 09:13:02,977 - tai_park_training - INFO -    Log level: INFO
2025-07-21 09:13:02,984 - tai_park_training - INFO -  Trainer initialized with mixed precision: True
2025-07-21 09:13:02,985 - tai_park_training - INFO -  Starting training...
2025-07-21 09:13:02,985 - tai_park_training - INFO -  Starting training for 30 epochs
2025-07-21 09:13:02,985 - tai_park_training - INFO -  Training samples: 13484
2025-07-21 09:13:02,985 - tai_park_training - INFO -  Validation samples: 3004
2025-07-21 09:15:10,127 - tai_park_training - INFO -  Epoch 1 completed in 127.14s
2025-07-21 09:15:10,127 - tai_park_training - INFO -    Train - Loss: 1.5641, Acc: 0.1898
2025-07-21 09:15:10,128 - tai_park_training - INFO -    Val   - Loss: 1.5190, Acc: 0.1431, LogLoss: 2.0758
2025-07-21 09:15:10,451 - tai_park_training - INFO -  Checkpoint saved to: results\models\resnet101_0.0008_focal_stdaug_sit_05\models\best_model.pth
2025-07-21 09:15:10,452 - tai_park_training - INFO -  New best model saved! Val Loss: 1.5190
2025-07-21 09:17:16,679 - tai_park_training - INFO -  Epoch 2 completed in 126.23s
2025-07-21 09:17:16,679 - tai_park_training - INFO -    Train - Loss: 1.4715, Acc: 0.2341
2025-07-21 09:17:16,679 - tai_park_training - INFO -    Val   - Loss: 1.4797, Acc: 0.1664, LogLoss: 2.0407
2025-07-21 09:19:23,202 - tai_park_training - INFO -  Epoch 3 completed in 126.52s
2025-07-21 09:19:23,202 - tai_park_training - INFO -    Train - Loss: 1.4340, Acc: 0.2457
2025-07-21 09:19:23,202 - tai_park_training - INFO -    Val   - Loss: 1.4430, Acc: 0.1821, LogLoss: 2.0068
2025-07-21 09:21:29,417 - tai_park_training - INFO -  Epoch 4 completed in 126.21s
2025-07-21 09:21:29,417 - tai_park_training - INFO -    Train - Loss: 1.4183, Acc: 0.2563
2025-07-21 09:21:29,417 - tai_park_training - INFO -    Val   - Loss: 1.4774, Acc: 0.1844, LogLoss: 2.0361
2025-07-21 09:23:35,279 - tai_park_training - INFO -  Epoch 5 completed in 125.86s
2025-07-21 09:23:35,280 - tai_park_training - INFO -    Train - Loss: 1.4004, Acc: 0.2633
2025-07-21 09:23:35,280 - tai_park_training - INFO -    Val   - Loss: 1.4655, Acc: 0.1961, LogLoss: 2.0235
2025-07-21 09:23:35,606 - tai_park_training - INFO -  Checkpoint saved to: results\models\resnet101_0.0008_focal_stdaug_sit_05\models\checkpoint_epoch_5.pth
2025-07-21 09:25:42,659 - tai_park_training - INFO -  Epoch 6 completed in 127.05s
2025-07-21 09:25:42,660 - tai_park_training - INFO -    Train - Loss: 1.3696, Acc: 0.2728
2025-07-21 09:25:42,660 - tai_park_training - INFO -    Val   - Loss: 1.4294, Acc: 0.2167, LogLoss: 1.9904
2025-07-21 09:27:49,033 - tai_park_training - INFO -  Epoch 7 completed in 126.37s
2025-07-21 09:27:49,033 - tai_park_training - INFO -    Train - Loss: 1.3376, Acc: 0.2808
2025-07-21 09:27:49,033 - tai_park_training - INFO -    Val   - Loss: 1.4312, Acc: 0.1891, LogLoss: 1.9879
2025-07-21 09:29:55,375 - tai_park_training - INFO -  Epoch 8 completed in 126.34s
2025-07-21 09:29:55,375 - tai_park_training - INFO -    Train - Loss: 1.3163, Acc: 0.2973
2025-07-21 09:29:55,375 - tai_park_training - INFO -    Val   - Loss: 1.4542, Acc: 0.1691, LogLoss: 2.0089
2025-07-21 09:32:01,720 - tai_park_training - INFO -  Epoch 9 completed in 126.34s
2025-07-21 09:32:01,721 - tai_park_training - INFO -    Train - Loss: 1.2888, Acc: 0.3100
2025-07-21 09:32:01,721 - tai_park_training - INFO -    Val   - Loss: 1.4224, Acc: 0.2294, LogLoss: 1.9780
2025-07-21 09:34:08,274 - tai_park_training - INFO -  Epoch 10 completed in 126.55s
2025-07-21 09:34:08,274 - tai_park_training - INFO -    Train - Loss: 1.2681, Acc: 0.3219
2025-07-21 09:34:08,275 - tai_park_training - INFO -    Val   - Loss: 1.4433, Acc: 0.2180, LogLoss: 1.9961
2025-07-21 09:34:08,611 - tai_park_training - INFO -  Checkpoint saved to: results\models\resnet101_0.0008_focal_stdaug_sit_05\models\checkpoint_epoch_10.pth
2025-07-21 09:36:16,272 - tai_park_training - INFO -  Epoch 11 completed in 127.66s
2025-07-21 09:36:16,272 - tai_park_training - INFO -    Train - Loss: 1.2559, Acc: 0.3218
2025-07-21 09:36:16,272 - tai_park_training - INFO -    Val   - Loss: 1.4167, Acc: 0.2190, LogLoss: 1.9608
2025-07-21 09:36:16,274 - tai_park_training - INFO -  Early stopping triggered after 10 epochs without improvement
2025-07-21 09:36:16,275 - tai_park_training - INFO -  Training completed in 1393.29 seconds
2025-07-21 09:36:16,275 - tai_park_training - INFO -  Best validation loss: 1.5190
2025-07-21 09:36:16,275 - tai_park_training - INFO -  Best validation accuracy: 0.1431
2025-07-21 09:36:16,276 - tai_park_training - INFO -  Training history saved to: results\models\resnet101_0.0008_focal_stdaug_sit_05\models\training_history.json
2025-07-21 09:36:16,276 - tai_park_training - INFO -  Training completed successfully!
2025-07-21 09:36:16,550 - tai_park_training - INFO -  Model saved for inference: results\models\resnet101_0.0008_focal_stdaug_sit_05\models\final_model.pth
2025-07-21 09:36:16,550 - tai_park_training - INFO -  Final model saved to: results\models\resnet101_0.0008_focal_stdaug_sit_05\models\final_model.pth
