2025-07-18 15:23:01,065 - tai_park_training - INFO -  Starting Taï Park Species Classification Training
2025-07-18 15:23:01,066 - tai_park_training - INFO -  Output directory: results\models\experiment_20250718_152301\models
2025-07-18 15:23:01,066 - tai_park_training - INFO -  Configuration: configs/base_config.yaml
2025-07-18 15:23:01,066 - tai_park_training - INFO -  Creating data loaders...
2025-07-18 15:23:04,436 - tai_park_training - INFO -  Creating model...
2025-07-18 15:23:04,858 - tai_park_training - INFO -  MODEL INFORMATION
2025-07-18 15:23:04,858 - tai_park_training - INFO - ==================================================
2025-07-18 15:23:04,858 - tai_park_training - INFO -  Model: resnet50
2025-07-18 15:23:04,860 - tai_park_training - INFO -  Parameters:
2025-07-18 15:23:04,860 - tai_park_training - INFO -    Total: 26,138,184
2025-07-18 15:23:04,861 - tai_park_training - INFO -    Trainable: 26,138,184
2025-07-18 15:23:04,861 - tai_park_training - INFO -    Frozen: 0
2025-07-18 15:23:04,861 - tai_park_training - INFO -  Estimated model size: 99.92 MB
2025-07-18 15:23:04,861 - tai_park_training - INFO -   Architecture:
2025-07-18 15:23:04,862 - tai_park_training - INFO -    backbone: ResNet
2025-07-18 15:23:04,862 - tai_park_training - INFO -    classifier: Sequential
2025-07-18 15:23:04,870 - tai_park_training - INFO -   TRAINING CONFIGURATION
2025-07-18 15:23:04,870 - tai_park_training - INFO - ==================================================
2025-07-18 15:23:04,870 - tai_park_training - INFO -  Training:
2025-07-18 15:23:04,871 - tai_park_training - INFO -    Epochs: 50
2025-07-18 15:23:04,871 - tai_park_training - INFO -    Batch size: 32
2025-07-18 15:23:04,871 - tai_park_training - INFO -    Learning rate: 0.001
2025-07-18 15:23:04,871 - tai_park_training - INFO -    Weight decay: 0.0001
2025-07-18 15:23:04,871 - tai_park_training - INFO -    Early stopping patience: 10
2025-07-18 15:23:04,871 - tai_park_training - INFO -  Data:
2025-07-18 15:23:04,871 - tai_park_training - INFO -    Data directory: data/raw
2025-07-18 15:23:04,872 - tai_park_training - INFO -    Image size: [224, 224]
2025-07-18 15:23:04,872 - tai_park_training - INFO -    Number of workers: N/A
2025-07-18 15:23:04,872 - tai_park_training - INFO -    Sampler type: N/A
2025-07-18 15:23:04,872 - tai_park_training - INFO -    Aggressive augmentation: False
2025-07-18 15:23:04,872 - tai_park_training - INFO -  Model:
2025-07-18 15:23:04,872 - tai_park_training - INFO -    Architecture: resnet50
2025-07-18 15:23:04,873 - tai_park_training - INFO -    Pretrained: False
2025-07-18 15:23:04,873 - tai_park_training - INFO -    Dropout: 0.2
2025-07-18 15:23:04,873 - tai_park_training - INFO -    Freeze backbone: False
2025-07-18 15:23:04,873 - tai_park_training - INFO -  Hardware:
2025-07-18 15:23:04,873 - tai_park_training - INFO -    Device: auto
2025-07-18 15:23:04,874 - tai_park_training - INFO -    Mixed precision: False
2025-07-18 15:23:04,874 - tai_park_training - INFO -    Compile: False
2025-07-18 15:23:04,874 - tai_park_training - INFO -  Logging:
2025-07-18 15:23:04,874 - tai_park_training - INFO -    W&B enabled: False
2025-07-18 15:23:04,874 - tai_park_training - INFO -    Experiment name: None
2025-07-18 15:23:04,874 - tai_park_training - INFO -    Log level: INFO
2025-07-18 15:23:04,882 - tai_park_training - INFO -  Quick test mode - training for 2 epochs
2025-07-18 15:23:04,882 - tai_park_training - INFO -  Dry run mode - setup completed successfully
2025-07-18 15:23:04,882 - tai_park_training - INFO -  Training samples: 13484
2025-07-18 15:23:04,882 - tai_park_training - INFO -  Validation samples: 3004
2025-07-18 15:23:04,883 - tai_park_training - INFO -  Model parameters: 26,138,184
