2025-07-21 11:16:49,528 - tai_park_training - INFO -  Starting Taï Park Species Classification Training
2025-07-21 11:16:49,528 - tai_park_training - INFO -  Output directory: results\models\debug_efficientnet_b1\models
2025-07-21 11:16:49,528 - tai_park_training - INFO -  Configuration: configs/base_config.yaml
2025-07-21 11:16:49,529 - tai_park_training - INFO -  Creating data loaders...
2025-07-21 11:16:52,925 - tai_park_training - INFO -  Creating model...
2025-07-21 11:16:53,147 - tai_park_training - INFO -  MODEL INFORMATION
2025-07-21 11:16:53,147 - tai_park_training - INFO - ==================================================
2025-07-21 11:16:53,147 - tai_park_training - INFO -  Model: efficientnet_b1
2025-07-21 11:16:53,150 - tai_park_training - INFO -  Parameters:
2025-07-21 11:16:53,150 - tai_park_training - INFO -    Total: 8,091,944
2025-07-21 11:16:53,150 - tai_park_training - INFO -    Trainable: 8,091,944
2025-07-21 11:16:53,151 - tai_park_training - INFO -    Frozen: 0
2025-07-21 11:16:53,151 - tai_park_training - INFO -  Estimated model size: 31.12 MB
2025-07-21 11:16:53,151 - tai_park_training - INFO -   Architecture:
2025-07-21 11:16:53,152 - tai_park_training - INFO -    backbone: EfficientNet
2025-07-21 11:16:53,152 - tai_park_training - INFO -    classifier: Sequential
2025-07-21 11:16:53,152 - tai_park_training - INFO -  use_site_embedding: False
2025-07-21 11:16:53,152 - tai_park_training - INFO -  use_attention: False
2025-07-21 11:16:53,152 - tai_park_training - INFO -  num_classes: 8
2025-07-21 11:16:53,152 - tai_park_training - INFO -  feature_dim: 1280
2025-07-21 11:16:53,153 - tai_park_training - INFO -   TRAINING CONFIGURATION
2025-07-21 11:16:53,153 - tai_park_training - INFO - ==================================================
2025-07-21 11:16:53,153 - tai_park_training - INFO -  Training:
2025-07-21 11:16:53,153 - tai_park_training - INFO -    Epochs: 1
2025-07-21 11:16:53,153 - tai_park_training - INFO -    Batch size: 8
2025-07-21 11:16:53,154 - tai_park_training - INFO -    Learning rate: 0.001
2025-07-21 11:16:53,154 - tai_park_training - INFO -    Weight decay: 0.0001
2025-07-21 11:16:53,154 - tai_park_training - INFO -    Early stopping patience: 10
2025-07-21 11:16:53,154 - tai_park_training - INFO -  Data:
2025-07-21 11:16:53,154 - tai_park_training - INFO -    Data directory: data/raw
2025-07-21 11:16:53,154 - tai_park_training - INFO -    Image size: [224, 224]
2025-07-21 11:16:53,155 - tai_park_training - INFO -    Number of workers: N/A
2025-07-21 11:16:53,155 - tai_park_training - INFO -    Sampler type: N/A
2025-07-21 11:16:53,155 - tai_park_training - INFO -    Aggressive augmentation: False
2025-07-21 11:16:53,155 - tai_park_training - INFO -  Model:
2025-07-21 11:16:53,155 - tai_park_training - INFO -    Architecture: efficientnet_b1
2025-07-21 11:16:53,155 - tai_park_training - INFO -    Pretrained: False
2025-07-21 11:16:53,156 - tai_park_training - INFO -    Dropout: 0.5
2025-07-21 11:16:53,156 - tai_park_training - INFO -    Freeze backbone: False
2025-07-21 11:16:53,156 - tai_park_training - INFO -  Hardware:
2025-07-21 11:16:53,156 - tai_park_training - INFO -    Device: auto
2025-07-21 11:16:53,156 - tai_park_training - INFO -    Mixed precision: False
2025-07-21 11:16:53,156 - tai_park_training - INFO -    Compile: False
2025-07-21 11:16:53,157 - tai_park_training - INFO -  Logging:
2025-07-21 11:16:53,157 - tai_park_training - INFO -    W&B enabled: False
2025-07-21 11:16:53,157 - tai_park_training - INFO -    Experiment name: debug_efficientnet_b1
2025-07-21 11:16:53,157 - tai_park_training - INFO -    Log level: INFO
2025-07-21 11:16:53,163 - tai_park_training - INFO -  Trainer initialized with mixed precision: False
2025-07-21 11:16:53,165 - tai_park_training - INFO -  Quick test mode - training for 2 epochs
2025-07-21 11:16:53,165 - tai_park_training - INFO -  Starting training...
2025-07-21 11:16:53,165 - tai_park_training - INFO -  Starting training for 2 epochs
2025-07-21 11:16:53,165 - tai_park_training - INFO -  Training samples: 13484
2025-07-21 11:16:53,165 - tai_park_training - INFO -  Validation samples: 3004
2025-07-21 11:17:07,618 - tai_park_training - ERROR -  Training failed: element 0 of tensors does not require grad and does not have a grad_fn
2025-07-21 11:17:07,622 - tai_park_training - ERROR - Traceback (most recent call last):
  File "C:\Users\gonza\Documents\Conser-vision-Practice-Area-Image-Classification\scripts\train_model.py", line 457, in main
    trainer.train(
    ~~~~~~~~~~~~~^
        train_loader=data_manager.train_loader,
        ^^^^^^^^^^^^^^^^^^^^^^^^^^^^^^^^^^^^^^^
    ...<2 lines>...
        start_epoch=start_epoch
        ^^^^^^^^^^^^^^^^^^^^^^^
    )
    ^
  File "C:\Users\gonza\Documents\Conser-vision-Practice-Area-Image-Classification\src\training\trainer.py", line 381, in train
    train_metrics = self.train_epoch(train_loader)
  File "C:\Users\gonza\Documents\Conser-vision-Practice-Area-Image-Classification\src\training\trainer.py", line 151, in train_epoch
    loss.backward()
    ~~~~~~~~~~~~~^^
  File "C:\Users\gonza\Documents\Conser-vision-Practice-Area-Image-Classification\tai-park-env\Lib\site-packages\torch\_tensor.py", line 648, in backward
    torch.autograd.backward(
    ~~~~~~~~~~~~~~~~~~~~~~~^
        self, gradient, retain_graph, create_graph, inputs=inputs
        ^^^^^^^^^^^^^^^^^^^^^^^^^^^^^^^^^^^^^^^^^^^^^^^^^^^^^^^^^
    )
    ^
  File "C:\Users\gonza\Documents\Conser-vision-Practice-Area-Image-Classification\tai-park-env\Lib\site-packages\torch\autograd\__init__.py", line 353, in backward
    _engine_run_backward(
    ~~~~~~~~~~~~~~~~~~~~^
        tensors,
        ^^^^^^^^
    ...<5 lines>...
        accumulate_grad=True,
        ^^^^^^^^^^^^^^^^^^^^^
    )
    ^
  File "C:\Users\gonza\Documents\Conser-vision-Practice-Area-Image-Classification\tai-park-env\Lib\site-packages\torch\autograd\graph.py", line 824, in _engine_run_backward
    return Variable._execution_engine.run_backward(  # Calls into the C++ engine to run the backward pass
           ~~~~~~~~~~~~~~~~~~~~~~~~~~~~~~~~~~~~~~~^^^^^^^^^^^^^^^^^^^^^^^^^^^^^^^^^^^^^^^^^^^^^^^^^^^^^^^
        t_outputs, *args, **kwargs
        ^^^^^^^^^^^^^^^^^^^^^^^^^^
    )  # Calls into the C++ engine to run the backward pass
    ^
RuntimeError: element 0 of tensors does not require grad and does not have a grad_fn

