2025-07-21 08:48:53,246 - tai_park_training - INFO -  Starting Taï Park Species Classification Training
2025-07-21 08:48:53,246 - tai_park_training - INFO -  Output directory: results\models\efficientnet_b4_0.0003_focal_aggaug_sit_02\models
2025-07-21 08:48:53,246 - tai_park_training - INFO -  Configuration: configs/base_config.yaml
2025-07-21 08:48:53,247 - tai_park_training - INFO -  Creating data loaders...
2025-07-21 08:48:53,830 - tai_park_training - INFO -  Creating model...
2025-07-21 08:48:54,103 - tai_park_training - INFO -  MODEL INFORMATION
2025-07-21 08:48:54,103 - tai_park_training - INFO - ==================================================
2025-07-21 08:48:54,104 - tai_park_training - INFO -  Model: efficientnet_b4
2025-07-21 08:48:54,107 - tai_park_training - INFO -  Parameters:
2025-07-21 08:48:54,107 - tai_park_training - INFO -    Total: 19,651,664
2025-07-21 08:48:54,108 - tai_park_training - INFO -    Trainable: 19,651,664
2025-07-21 08:48:54,108 - tai_park_training - INFO -    Frozen: 0
2025-07-21 08:48:54,110 - tai_park_training - INFO -  Estimated model size: 75.45 MB
2025-07-21 08:48:54,110 - tai_park_training - INFO -   Architecture:
2025-07-21 08:48:54,110 - tai_park_training - INFO -    backbone: EfficientNet
2025-07-21 08:48:54,110 - tai_park_training - INFO -    classifier: Sequential
2025-07-21 08:48:54,110 - tai_park_training - INFO -  use_site_embedding: False
2025-07-21 08:48:54,111 - tai_park_training - INFO -  use_attention: False
2025-07-21 08:48:54,111 - tai_park_training - INFO -  num_classes: 8
2025-07-21 08:48:54,111 - tai_park_training - INFO -  feature_dim: 1792
2025-07-21 08:48:54,111 - tai_park_training - INFO -   TRAINING CONFIGURATION
2025-07-21 08:48:54,111 - tai_park_training - INFO - ==================================================
2025-07-21 08:48:54,111 - tai_park_training - INFO -  Training:
2025-07-21 08:48:54,111 - tai_park_training - INFO -    Epochs: 40
2025-07-21 08:48:54,112 - tai_park_training - INFO -    Batch size: 12
2025-07-21 08:48:54,112 - tai_park_training - INFO -    Learning rate: 0.0003
2025-07-21 08:48:54,112 - tai_park_training - INFO -    Weight decay: 0.0001
2025-07-21 08:48:54,112 - tai_park_training - INFO -    Early stopping patience: 10
2025-07-21 08:48:54,112 - tai_park_training - INFO -  Data:
2025-07-21 08:48:54,112 - tai_park_training - INFO -    Data directory: data/raw
2025-07-21 08:48:54,112 - tai_park_training - INFO -    Image size: [224, 224]
2025-07-21 08:48:54,113 - tai_park_training - INFO -    Number of workers: N/A
2025-07-21 08:48:54,113 - tai_park_training - INFO -    Sampler type: site_aware
2025-07-21 08:48:54,113 - tai_park_training - INFO -    Aggressive augmentation: True
2025-07-21 08:48:54,113 - tai_park_training - INFO -  Model:
2025-07-21 08:48:54,113 - tai_park_training - INFO -    Architecture: efficientnet_b4
2025-07-21 08:48:54,114 - tai_park_training - INFO -    Pretrained: False
2025-07-21 08:48:54,114 - tai_park_training - INFO -    Dropout: 0.5
2025-07-21 08:48:54,114 - tai_park_training - INFO -    Freeze backbone: False
2025-07-21 08:48:54,114 - tai_park_training - INFO -  Hardware:
2025-07-21 08:48:54,114 - tai_park_training - INFO -    Device: auto
2025-07-21 08:48:54,114 - tai_park_training - INFO -    Mixed precision: True
2025-07-21 08:48:54,115 - tai_park_training - INFO -    Compile: False
2025-07-21 08:48:54,115 - tai_park_training - INFO -  Logging:
2025-07-21 08:48:54,115 - tai_park_training - INFO -    W&B enabled: False
2025-07-21 08:48:54,115 - tai_park_training - INFO -    Experiment name: efficientnet_b4_0.0003_focal_aggaug_sit_02
2025-07-21 08:48:54,115 - tai_park_training - INFO -    Log level: INFO
2025-07-21 08:48:54,124 - tai_park_training - INFO -  Trainer initialized with mixed precision: True
2025-07-21 08:48:54,125 - tai_park_training - INFO -  Starting training...
2025-07-21 08:48:54,126 - tai_park_training - INFO -  Starting training for 40 epochs
2025-07-21 08:48:54,126 - tai_park_training - INFO -  Training samples: 13484
2025-07-21 08:48:54,126 - tai_park_training - INFO -  Validation samples: 3004
2025-07-21 08:49:21,112 - tai_park_training - ERROR -  Training failed: element 0 of tensors does not require grad and does not have a grad_fn
2025-07-21 08:49:21,114 - tai_park_training - ERROR - Traceback (most recent call last):
  File "C:\Users\gonza\Documents\Conser-vision-Practice-Area-Image-Classification\scripts\train_model.py", line 457, in main
    trainer.train(
    ~~~~~~~~~~~~~^
        train_loader=data_manager.train_loader,
        ^^^^^^^^^^^^^^^^^^^^^^^^^^^^^^^^^^^^^^^
    ...<2 lines>...
        start_epoch=start_epoch
        ^^^^^^^^^^^^^^^^^^^^^^^
    )
    ^
  File "C:\Users\gonza\Documents\Conser-vision-Practice-Area-Image-Classification\src\training\trainer.py", line 381, in train
    train_metrics = self.train_epoch(train_loader)
  File "C:\Users\gonza\Documents\Conser-vision-Practice-Area-Image-Classification\src\training\trainer.py", line 141, in train_epoch
    self.scaler.scale(loss).backward()
    ~~~~~~~~~~~~~~~~~~~~~~~~~~~~~~~~^^
  File "C:\Users\gonza\Documents\Conser-vision-Practice-Area-Image-Classification\tai-park-env\Lib\site-packages\torch\_tensor.py", line 648, in backward
    torch.autograd.backward(
    ~~~~~~~~~~~~~~~~~~~~~~~^
        self, gradient, retain_graph, create_graph, inputs=inputs
        ^^^^^^^^^^^^^^^^^^^^^^^^^^^^^^^^^^^^^^^^^^^^^^^^^^^^^^^^^
    )
    ^
  File "C:\Users\gonza\Documents\Conser-vision-Practice-Area-Image-Classification\tai-park-env\Lib\site-packages\torch\autograd\__init__.py", line 353, in backward
    _engine_run_backward(
    ~~~~~~~~~~~~~~~~~~~~^
        tensors,
        ^^^^^^^^
    ...<5 lines>...
        accumulate_grad=True,
        ^^^^^^^^^^^^^^^^^^^^^
    )
    ^
  File "C:\Users\gonza\Documents\Conser-vision-Practice-Area-Image-Classification\tai-park-env\Lib\site-packages\torch\autograd\graph.py", line 824, in _engine_run_backward
    return Variable._execution_engine.run_backward(  # Calls into the C++ engine to run the backward pass
           ~~~~~~~~~~~~~~~~~~~~~~~~~~~~~~~~~~~~~~~^^^^^^^^^^^^^^^^^^^^^^^^^^^^^^^^^^^^^^^^^^^^^^^^^^^^^^^
        t_outputs, *args, **kwargs
        ^^^^^^^^^^^^^^^^^^^^^^^^^^
    )  # Calls into the C++ engine to run the backward pass
    ^
RuntimeError: element 0 of tensors does not require grad and does not have a grad_fn

